Added Component: Designator=C1(cap0511)
Added Component: Designator=C8(smd 0805 Cap)
Added Component: Designator=D1(RGB 5mm)
Added Component: Designator=D2(RGB 5mm)
Added Component: Designator=D3(LED 5mm round)
Added Component: Designator=P1(HDR1X4)
Added Component: Designator=P2(HDR1X2)
Added Component: Designator=SW1(Button reset)
Added Component: Designator=U1(ESP_WROOM_32)
Added Component: Designator=U2(LGA)
Added Pin To Net: NetName=3.3V Pin=C1-1
Added Pin To Net: NetName=3.3V Pin=C8-2
Added Pin To Net: NetName=3.3V Pin=P1-1
Added Pin To Net: NetName=3.3V Pin=P2-1
Added Pin To Net: NetName=3.3V Pin=U1-2
Added Pin To Net: NetName=3.3V Pin=U2-6
Added Pin To Net: NetName=3.3V Pin=U2-8
Added Pin To Net: NetName=3.3V Pin=U2-8
Added Net: Name=3.3V
Added Pin To Net: NetName=BOOT_RX Pin=P1-3
Added Net: Name=BOOT_RX
Added Pin To Net: NetName=BOOT_TX Pin=P1-4
Added Pin To Net: NetName=BOOT_TX Pin=U1-35
Added Net: Name=BOOT_TX
Added Pin To Net: NetName=EN Pin=U1-3
Added Net: Name=EN
Added Pin To Net: NetName=GND Pin=C1-2
Added Pin To Net: NetName=GND Pin=C8-1
Added Pin To Net: NetName=GND Pin=D3-2
Added Pin To Net: NetName=GND Pin=P1-2
Added Pin To Net: NetName=GND Pin=SW1-1
Added Pin To Net: NetName=GND Pin=U1-1
Added Pin To Net: NetName=GND Pin=U1-15
Added Pin To Net: NetName=GND Pin=U1-38
Added Pin To Net: NetName=GND Pin=U1-39
Added Pin To Net: NetName=GND Pin=U2-1
Added Pin To Net: NetName=GND Pin=U2-2
Added Pin To Net: NetName=GND Pin=U2-5
Added Pin To Net: NetName=GND Pin=U2-7
Added Net: Name=GND
Added Pin To Net: NetName=IO2 Pin=U1-24
Added Net: Name=IO2
Added Pin To Net: NetName=IO27 Pin=U1-12
Added Net: Name=IO27
Added Pin To Net: NetName=IO_BOOT Pin=U1-25
Added Net: Name=IO_BOOT
Added Pin To Net: NetName=NetC3_1 Pin=SW1-2
Added Net: Name=NetC3_1
Added Net: Name=NetC6_1
Added Pin To Net: NetName=NetD3_1 Pin=D3-1
Added Net: Name=NetD3_1
Added Pin To Net: NetName=NetP2_2 Pin=P2-2
Added Net: Name=NetP2_2
Added Pin To Net: NetName=NetR2_2 Pin=U1-34
Added Net: Name=NetR2_2
Added Pin To Net: NetName=SCL Pin=U1-30
Added Pin To Net: NetName=SCL Pin=U2-4
Added Net: Name=SCL
Added Pin To Net: NetName=SDA Pin=U1-31
Added Pin To Net: NetName=SDA Pin=U2-3
Added Net: Name=SDA
Added Class: Name=schema
Added Room: Name=schema
